<?xml version="1.0" encoding="UTF-8"?>
<testng-results skipped="0" failed="0" ignored="0" total="1" passed="1">
  <reporter-output>
  </reporter-output>
  <suite name="Payback Suite" duration-ms="35925" started-at="2022-08-02T14:26:35Z" finished-at="2022-08-02T14:27:11Z">
    <groups>
    </groups>
    <test name="Test Basics 1" duration-ms="35925" started-at="2022-08-02T14:26:35Z" finished-at="2022-08-02T14:27:11Z">
      <class name="test.Payback">
        <test-method status="PASS" signature="beforeTest(java.lang.String, java.lang.String)[pri:0, instance:test.Payback@3f0ee7cb]" name="beforeTest" is-config="true" duration-ms="4736" started-at="2022-08-02T19:56:35Z" finished-at="2022-08-02T19:56:40Z">
          <params>
            <param index="0">
              <value>
                <![CDATA[head]]>
              </value>
            </param>
            <param index="1">
              <value>
                <![CDATA[chromium]]>
              </value>
            </param>
          </params>
          <reporter-output>
          </reporter-output>
        </test-method> <!-- beforeTest -->
        <test-method status="PASS" signature="testApp()[pri:0, instance:test.Payback@3f0ee7cb]" name="testApp" duration-ms="30998" started-at="2022-08-02T19:56:40Z" finished-at="2022-08-02T19:57:11Z">
          <reporter-output>
          </reporter-output>
        </test-method> <!-- testApp -->
        <test-method status="PASS" signature="afterTest()[pri:0, instance:test.Payback@3f0ee7cb]" name="afterTest" is-config="true" duration-ms="177" started-at="2022-08-02T19:57:11Z" finished-at="2022-08-02T19:57:11Z">
          <reporter-output>
          </reporter-output>
        </test-method> <!-- afterTest -->
      </class> <!-- test.Payback -->
    </test> <!-- Test Basics 1 -->
  </suite> <!-- Payback Suite -->
</testng-results>
