<?xml version="1.0" encoding="UTF-8"?>
<testng-results skipped="0" failed="0" ignored="0" total="1" passed="1">
  <reporter-output>
  </reporter-output>
  <suite name="Payback Suite" duration-ms="34770" started-at="2022-08-02T22:28:52 IST" finished-at="2022-08-02T22:29:27 IST">
    <groups>
    </groups>
    <test name="Test Basics 1" duration-ms="34770" started-at="2022-08-02T22:28:52 IST" finished-at="2022-08-02T22:29:27 IST">
      <class name="test.Payback">
        <test-method status="PASS" signature="beforeTest(java.lang.String,java.lang.String)[pri:0, instance:test.Payback@52feb982]" name="beforeTest" is-config="true" duration-ms="5201" started-at="2022-08-02T22:28:52 IST" finished-at="2022-08-02T22:28:58 IST">
          <params>
            <param index="0">
              <value>
                <![CDATA[head]]>
              </value>
            </param>
            <param index="1">
              <value>
                <![CDATA[chromium]]>
              </value>
            </param>
          </params>
          <reporter-output>
          </reporter-output>
        </test-method> <!-- beforeTest -->
        <test-method status="PASS" signature="testApp()[pri:0, instance:test.Payback@52feb982]" name="testApp" duration-ms="29312" started-at="2022-08-02T22:28:58 IST" finished-at="2022-08-02T22:29:27 IST">
          <reporter-output>
          </reporter-output>
        </test-method> <!-- testApp -->
        <test-method status="PASS" signature="afterTest()[pri:0, instance:test.Payback@52feb982]" name="afterTest" is-config="true" duration-ms="173" started-at="2022-08-02T22:29:27 IST" finished-at="2022-08-02T22:29:27 IST">
          <reporter-output>
          </reporter-output>
        </test-method> <!-- afterTest -->
      </class> <!-- test.Payback -->
    </test> <!-- Test Basics 1 -->
  </suite> <!-- Payback Suite -->
</testng-results>
